app/build/outputs/logs/manifest-merger-debug-report.txt
-- Merging decision tree log ---
manifest
ADDED from src\main\AndroidManifest.xml:2:1-83:12
	package
		ADDED from src\main\AndroidManifest.xml:3:5-50
		INJECTED from src\main\AndroidManifest.xml
		INJECTED from src\main\AndroidManifest.xml
	android:versionName
		INJECTED from src\main\AndroidManifest.xml
		INJECTED from src\main\AndroidManifest.xml
	xmlns:android
		ADDED from src\main\AndroidManifest.xml:2:11-69
	android:versionCode
		INJECTED from src\main\AndroidManifest.xml
		INJECTED from src\main\AndroidManifest.xml
uses-permission#android.permission.ACCESS_FINE_LOCATION
ADDED from src\main\AndroidManifest.xml:10:5-79
	android:name
		ADDED from src\main\AndroidManifest.xml:10:22-76
uses-permission#android.permission.ACCESS_NETWORK_STATE
ADDED from src\main\AndroidManifest.xml:11:5-79
MERGED from [com.google.android.gms:play-services-ads-lite:9.0.1] AndroidManifest.xml:21:5-78
MERGED from [com.google.android.gms:play-services-analytics:9.0.1] AndroidManifest.xml:22:5-79
MERGED from [com.google.android.gms:play-services-analytics-impl:9.0.1] AndroidManifest.xml:22:5-79
MERGED from [com.google.firebase:firebase-iid:9.0.1] AndroidManifest.xml:20:5-79
MERGED from [com.google.firebase:firebase-analytics:9.0.1] AndroidManifest.xml:22:5-79
MERGED from [com.google.firebase:firebase-analytics-impl:9.0.1] AndroidManifest.xml:22:5-79
MERGED from [com.google.android.gms:play-services-maps:9.0.1] AndroidManifest.xml:20:5-78
MERGED from [com.google.android.gms:play-services-nearby:9.0.1] AndroidManifest.xml:19:5-79
MERGED from [com.google.android.gms:play-services-tagmanager-api:9.0.1] AndroidManifest.xml:22:5-79
	android:name
		ADDED from src\main\AndroidManifest.xml:11:22-76
uses-permission#android.permission.WRITE_EXTERNAL_STORAGE
ADDED from src\main\AndroidManifest.xml:12:5-81
	android:name
		ADDED from src\main\AndroidManifest.xml:12:22-78
uses-permission#android.permission.ACCESS_COARSE_LOCATION
ADDED from src\main\AndroidManifest.xml:13:5-81
	android:name
		ADDED from src\main\AndroidManifest.xml:13:22-78
uses-permission#com.android.alarm.permission.SET_ALARM
ADDED from src\main\AndroidManifest.xml:15:5-78
	android:name
		ADDED from src\main\AndroidManifest.xml:15:22-75
uses-feature#0x00020000
ADDED from src\main\AndroidManifest.xml:17:5-19:36
MERGED from [com.google.android.gms:play-services-maps:9.0.1] AndroidManifest.xml:22:5-24:33
	android:glEsVersion
		ADDED from src\main\AndroidManifest.xml:18:9-41
	android:required
		ADDED from src\main\AndroidManifest.xml:19:9-33
application
ADDED from src\main\AndroidManifest.xml:21:5-81:19
MERGED from [com.google.android.gms:play-services:9.0.1] AndroidManifest.xml:5:5-20
MERGED from [com.google.android.gms:play-services-ads-lite:9.0.1] AndroidManifest.xml:24:5-32:19
MERGED from [com.google.android.gms:play-services-basement:9.0.1] AndroidManifest.xml:20:5-24:19
MERGED from [com.android.support:support-v4:23.4.0] AndroidManifest.xml:22:5-20
MERGED from [com.google.android.gms:play-services-base:9.0.1] AndroidManifest.xml:19:5-23:19
MERGED from [com.google.firebase:firebase-common:9.0.1] AndroidManifest.xml:5:5-12:19
MERGED from [com.google.android.gms:play-services-tasks:9.0.1] AndroidManifest.xml:5:5-20
MERGED from [com.google.android.gms:play-services-analytics:9.0.1] AndroidManifest.xml:27:5-20
MERGED from [com.google.android.gms:play-services-analytics-impl:9.0.1] AndroidManifest.xml:27:5-20
MERGED from [com.google.android.gms:play-services-appinvite:9.0.1] AndroidManifest.xml:20:5-30:19
MERGED from [com.google.android.gms:play-services-auth:9.0.1] AndroidManifest.xml:20:5-32:19
MERGED from [com.google.android.gms:play-services-cast:9.0.1] AndroidManifest.xml:19:5-20
MERGED from [com.android.support:mediarouter-v7:23.0.0] AndroidManifest.xml:22:5-20
MERGED from [com.android.support:appcompat-v7:23.4.0] AndroidManifest.xml:25:5-20
MERGED from [com.android.support:animated-vector-drawable:23.4.0] AndroidManifest.xml:7:5-20
MERGED from [com.android.support:support-vector-drawable:23.4.0] AndroidManifest.xml:7:5-20
MERGED from [com.google.firebase:firebase-config:9.0.1] AndroidManifest.xml:19:5-20
MERGED from [com.google.firebase:firebase-iid:9.0.1] AndroidManifest.xml:30:5-59:19
MERGED from [com.google.firebase:firebase-crash:9.0.1] AndroidManifest.xml:24:5-32:19
MERGED from [com.google.firebase:firebase-analytics:9.0.1] AndroidManifest.xml:26:5-41:19
MERGED from [com.google.firebase:firebase-analytics-impl:9.0.1] AndroidManifest.xml:26:5-41:19
MERGED from [com.google.android.gms:play-services-drive:9.0.1] AndroidManifest.xml:19:5-20
MERGED from [com.google.firebase:firebase-auth:9.0.1] AndroidManifest.xml:20:5-21:19
MERGED from [com.google.firebase:firebase-auth-common:9.0.1] AndroidManifest.xml:20:5-21:19
MERGED from [com.google.firebase:firebase-messaging:9.0.1] AndroidManifest.xml:20:5-32:19
MERGED from [com.google.android.gms:play-services-fitness:9.0.1] AndroidManifest.xml:19:5-20
MERGED from [com.google.android.gms:play-services-location:9.0.1] AndroidManifest.xml:19:5-20
MERGED from [com.google.android.gms:play-services-maps:9.0.1] AndroidManifest.xml:27:5-20
MERGED from [com.google.android.gms:play-services-games:9.0.1] AndroidManifest.xml:19:5-20
MERGED from [com.google.android.gms:play-services-gcm:9.0.1] AndroidManifest.xml:24:5-20
MERGED from [com.google.android.gms:play-services-iid:9.0.1] AndroidManifest.xml:24:5-20
MERGED from [com.google.android.gms:play-services-appindexing:9.0.1] AndroidManifest.xml:19:5-20
MERGED from [com.google.android.gms:play-services-identity:9.0.1] AndroidManifest.xml:19:5-20
MERGED from [com.google.android.gms:play-services-nearby:9.0.1] AndroidManifest.xml:20:5-20
MERGED from [com.google.android.gms:play-services-panorama:9.0.1] AndroidManifest.xml:19:5-20
MERGED from [com.google.android.gms:play-services-plus:9.0.1] AndroidManifest.xml:19:5-20
MERGED from [com.google.android.gms:play-services-safetynet:9.0.1] AndroidManifest.xml:19:5-20
MERGED from [com.google.android.gms:play-services-tagmanager-api:9.0.1] AndroidManifest.xml:24:5-38:19
MERGED from [com.google.android.gms:play-services-vision:9.0.1] AndroidManifest.xml:5:5-20
MERGED from [com.google.android.gms:play-services-wearable:9.0.1] AndroidManifest.xml:19:5-20
MERGED from [com.android.support:design:23.4.0] AndroidManifest.xml:22:5-20
	android:label
		ADDED from src\main\AndroidManifest.xml:24:9-41
	android:supportsRtl
		ADDED from src\main\AndroidManifest.xml:25:9-35
	android:allowBackup
		ADDED from src\main\AndroidManifest.xml:22:9-35
	android:icon
		ADDED from src\main\AndroidManifest.xml:23:9-43
	android:theme
		ADDED from src\main\AndroidManifest.xml:26:9-40
meta-data#android.app.searchable
ADDED from src\main\AndroidManifest.xml:27:9-29:50
	android:resource
		ADDED from src\main\AndroidManifest.xml:29:13-47
	android:name
		ADDED from src\main\AndroidManifest.xml:28:13-50
activity#com.example.ofir.testfunctionality2.MainActivity
ADDED from src\main\AndroidManifest.xml:31:9-43:20
	android:label
		ADDED from src\main\AndroidManifest.xml:33:13-33
	android:name
		ADDED from src\main\AndroidManifest.xml:32:13-41
intent-filter#android.intent.action.MAIN+android.intent.category.LAUNCHER
ADDED from src\main\AndroidManifest.xml:34:13-38:29
action#android.intent.action.MAIN
ADDED from src\main\AndroidManifest.xml:35:17-69
	android:name
		ADDED from src\main\AndroidManifest.xml:35:25-66
category#android.intent.category.LAUNCHER
ADDED from src\main\AndroidManifest.xml:37:17-77
	android:name
		ADDED from src\main\AndroidManifest.xml:37:27-74
meta-data#com.google.android.geo.API_KEY
ADDED from src\main\AndroidManifest.xml:53:9-55:55
	android:value
		ADDED from src\main\AndroidManifest.xml:55:13-52
	android:name
		ADDED from src\main\AndroidManifest.xml:54:13-58
activity#com.example.ofir.testfunctionality2.MapsActivity
ADDED from src\main\AndroidManifest.xml:57:9-59:59
	android:label
		ADDED from src\main\AndroidManifest.xml:59:13-56
	android:name
		ADDED from src\main\AndroidManifest.xml:58:13-41
activity#com.example.ofir.testfunctionality2.MyEventsActivity
ADDED from src\main\AndroidManifest.xml:60:9-54
	android:name
		ADDED from src\main\AndroidManifest.xml:60:19-51
activity#com.example.ofir.testfunctionality2.CreateNewEventActivity
ADDED from src\main\AndroidManifest.xml:61:9-60
	android:name
		ADDED from src\main\AndroidManifest.xml:61:19-57
activity#com.example.ofir.testfunctionality2.Notifications.NotificationsActivity
ADDED from src\main\AndroidManifest.xml:62:9-73
	android:name
		ADDED from src\main\AndroidManifest.xml:62:19-70
activity#com.example.ofir.testfunctionality2.Notifications.moreInfoNotification
ADDED from src\main\AndroidManifest.xml:63:9-70:20
	android:label
		ADDED from src\main\AndroidManifest.xml:65:13-49
	android:parentActivityName
		ADDED from src\main\AndroidManifest.xml:66:13-78
	android:name
		ADDED from src\main\AndroidManifest.xml:64:13-63
meta-data#android.support.PARENT_ACTIVITY
ADDED from src\main\AndroidManifest.xml:67:13-69:72
	android:value
		ADDED from src\main\AndroidManifest.xml:69:17-69
	android:name
		ADDED from src\main\AndroidManifest.xml:68:17-63
receiver#com.example.ofir.testfunctionality2.Notifications.AlertReceiver
ADDED from src\main\AndroidManifest.xml:72:9-65
	android:name
		ADDED from src\main\AndroidManifest.xml:72:19-62
activity#com.example.ofir.testfunctionality2.PersonsActivity
ADDED from src\main\AndroidManifest.xml:74:9-53
	android:name
		ADDED from src\main\AndroidManifest.xml:74:19-50
activity#com.example.ofir.testfunctionality2.EventActivity
ADDED from src\main\AndroidManifest.xml:75:9-51
	android:name
		ADDED from src\main\AndroidManifest.xml:75:19-48
activity#com.example.ofir.testfunctionality2.Tabs.TabsMainActivity
ADDED from src\main\AndroidManifest.xml:76:9-59
	android:name
		ADDED from src\main\AndroidManifest.xml:76:19-56
activity#com.example.ofir.testfunctionality2.Search.SearchMainActivity
ADDED from src\main\AndroidManifest.xml:77:9-63
	android:name
		ADDED from src\main\AndroidManifest.xml:77:19-60
activity#com.example.ofir.testfunctionality2.Admin.AdminMainActivity
ADDED from src\main\AndroidManifest.xml:78:9-70
	android:name
		ADDED from src\main\AndroidManifest.xml:78:19-58
activity#com.example.ofir.testfunctionality2.Admin.AdminAddNewCategoryActivity
ADDED from src\main\AndroidManifest.xml:79:9-80
	android:name
		ADDED from src\main\AndroidManifest.xml:79:19-68
activity#com.example.ofir.testfunctionality2.Admin.AdminPendingRequestActivity
ADDED from src\main\AndroidManifest.xml:80:9-71
	android:name
		ADDED from src\main\AndroidManifest.xml:80:19-68
uses-sdk
INJECTED from src\main\AndroidManifest.xml reason: use-sdk injection requested
MERGED from [com.google.android.gms:play-services:9.0.1] AndroidManifest.xml:4:5-42
MERGED from [com.google.android.gms:play-services-ads:9.0.1] AndroidManifest.xml:19:5-42
MERGED from [com.google.android.gms:play-services-ads-lite:9.0.1] AndroidManifest.xml:23:5-42
MERGED from [com.google.android.gms:play-services-basement:9.0.1] AndroidManifest.xml:18:5-42
MERGED from [com.android.support:support-v4:23.4.0] AndroidManifest.xml:20:5-43
MERGED from [com.google.android.gms:play-services-base:9.0.1] AndroidManifest.xml:18:5-42
MERGED from [com.google.firebase:firebase-common:9.0.1] AndroidManifest.xml:4:5-43
MERGED from [com.google.android.gms:play-services-tasks:9.0.1] AndroidManifest.xml:4:5-43
MERGED from [com.google.android.gms:play-services-analytics:9.0.1] AndroidManifest.xml:18:5-42
MERGED from [com.google.android.gms:play-services-analytics-impl:9.0.1] AndroidManifest.xml:18:5-42
MERGED from [com.google.android.gms:play-services-appinvite:9.0.1] AndroidManifest.xml:18:5-42
MERGED from [com.google.android.gms:play-services-auth:9.0.1] AndroidManifest.xml:18:5-43
MERGED from [com.google.android.gms:play-services-auth-base:9.0.1] AndroidManifest.xml:5:5-43
MERGED from [com.google.android.gms:play-services-cast:9.0.1] AndroidManifest.xml:18:5-42
MERGED from [com.android.support:mediarouter-v7:23.0.0] AndroidManifest.xml:20:5-43
MERGED from [com.android.support:appcompat-v7:23.4.0] AndroidManifest.xml:21:5-23:78
MERGED from [com.android.support:animated-vector-drawable:23.4.0] AndroidManifest.xml:5:5-44
MERGED from [com.android.support:support-vector-drawable:23.4.0] AndroidManifest.xml:5:5-43
MERGED from [com.google.firebase:firebase-config:9.0.1] AndroidManifest.xml:18:5-42
MERGED from [com.google.firebase:firebase-iid:9.0.1] AndroidManifest.xml:18:5-42
MERGED from [com.google.firebase:firebase-crash:9.0.1] AndroidManifest.xml:22:5-42
MERGED from [com.google.firebase:firebase-analytics:9.0.1] AndroidManifest.xml:18:5-42
MERGED from [com.google.firebase:firebase-analytics-impl:9.0.1] AndroidManifest.xml:18:5-42
MERGED from [com.google.android.gms:play-services-drive:9.0.1] AndroidManifest.xml:18:5-42
MERGED from [com.google.firebase:firebase-auth:9.0.1] AndroidManifest.xml:18:5-43
MERGED from [com.google.firebase:firebase-auth-common:9.0.1] AndroidManifest.xml:18:5-43
MERGED from [com.google.firebase:firebase-auth-module:9.0.1] AndroidManifest.xml:4:5-43
MERGED from [com.google.firebase:firebase-database-connection:9.0.1] AndroidManifest.xml:5:5-43
MERGED from [com.google.firebase:firebase-database:9.0.1] AndroidManifest.xml:5:5-43
MERGED from [com.google.firebase:firebase-messaging:9.0.1] AndroidManifest.xml:18:5-42
MERGED from [com.google.firebase:firebase-storage:9.0.1] AndroidManifest.xml:5:5-43
MERGED from [com.google.firebase:firebase-storage-common:9.0.1] AndroidManifest.xml:5:5-43
MERGED from [com.google.android.gms:play-services-fitness:9.0.1] AndroidManifest.xml:18:5-42
MERGED from [com.google.android.gms:play-services-location:9.0.1] AndroidManifest.xml:18:5-42
MERGED from [com.google.android.gms:play-services-maps:9.0.1] AndroidManifest.xml:26:5-42
MERGED from [com.google.android.gms:play-services-games:9.0.1] AndroidManifest.xml:18:5-42
MERGED from [com.google.android.gms:play-services-gcm:9.0.1] AndroidManifest.xml:18:5-42
MERGED from [com.google.android.gms:play-services-iid:9.0.1] AndroidManifest.xml:18:5-42
MERGED from [com.google.android.gms:play-services-appindexing:9.0.1] AndroidManifest.xml:18:5-42
MERGED from [com.google.android.gms:play-services-identity:9.0.1] AndroidManifest.xml:18:5-42
MERGED from [com.google.android.gms:play-services-nearby:9.0.1] AndroidManifest.xml:18:5-42
MERGED from [com.google.android.gms:play-services-panorama:9.0.1] AndroidManifest.xml:18:5-42
MERGED from [com.google.android.gms:play-services-plus:9.0.1] AndroidManifest.xml:18:5-42
MERGED from [com.google.android.gms:play-services-safetynet:9.0.1] AndroidManifest.xml:18:5-42
MERGED from [com.google.android.gms:play-services-tagmanager-api:9.0.1] AndroidManifest.xml:18:5-42
MERGED from [com.google.android.gms:play-services-tagmanager:9.0.1] AndroidManifest.xml:18:5-42
MERGED from [com.google.android.gms:play-services-vision:9.0.1] AndroidManifest.xml:4:5-42
MERGED from [com.google.android.gms:play-services-wallet:9.0.1] AndroidManifest.xml:19:5-42
MERGED from [com.google.android.gms:play-services-wearable:9.0.1] AndroidManifest.xml:18:5-42
MERGED from [com.android.support:design:23.4.0] AndroidManifest.xml:20:5-43
MERGED from [com.android.support:recyclerview-v7:23.4.0] AndroidManifest.xml:20:5-43
	tools:overrideLibrary
		ADDED from [com.android.support:appcompat-v7:23.4.0] AndroidManifest.xml:23:9-75
	android:targetSdkVersion
		INJECTED from src\main\AndroidManifest.xml
		INJECTED from src\main\AndroidManifest.xml
	android:minSdkVersion
		INJECTED from src\main\AndroidManifest.xml
		INJECTED from src\main\AndroidManifest.xml
uses-permission#android.permission.INTERNET
ADDED from [com.google.android.gms:play-services-ads-lite:9.0.1] AndroidManifest.xml:20:5-66
MERGED from [com.google.android.gms:play-services-analytics:9.0.1] AndroidManifest.xml:21:5-67
MERGED from [com.google.android.gms:play-services-analytics-impl:9.0.1] AndroidManifest.xml:21:5-67
MERGED from [com.google.android.gms:play-services-appinvite:9.0.1] AndroidManifest.xml:19:5-67
MERGED from [com.google.firebase:firebase-iid:9.0.1] AndroidManifest.xml:21:5-67
MERGED from [com.google.firebase:firebase-crash:9.0.1] AndroidManifest.xml:20:5-66
MERGED from [com.google.firebase:firebase-analytics:9.0.1] AndroidManifest.xml:21:5-67
MERGED from [com.google.firebase:firebase-analytics-impl:9.0.1] AndroidManifest.xml:21:5-67
MERGED from [com.google.android.gms:play-services-maps:9.0.1] AndroidManifest.xml:21:5-66
MERGED from [com.google.android.gms:play-services-gcm:9.0.1] AndroidManifest.xml:22:5-67
MERGED from [com.google.android.gms:play-services-iid:9.0.1] AndroidManifest.xml:22:5-67
MERGED from [com.google.android.gms:play-services-tagmanager-api:9.0.1] AndroidManifest.xml:21:5-67
	android:name
		ADDED from [com.google.android.gms:play-services-ads-lite:9.0.1] AndroidManifest.xml:20:22-64
activity#com.google.android.gms.ads.AdActivity
ADDED from [com.google.android.gms:play-services-ads-lite:9.0.1] AndroidManifest.xml:26:9-29:64
	android:configChanges
		ADDED from [com.google.android.gms:play-services-ads-lite:9.0.1] AndroidManifest.xml:28:13-122
	android:theme
		ADDED from [com.google.android.gms:play-services-ads-lite:9.0.1] AndroidManifest.xml:29:13-61
	android:name
		ADDED from [com.google.android.gms:play-services-ads-lite:9.0.1] AndroidManifest.xml:27:13-65
activity#com.google.android.gms.ads.purchase.InAppPurchaseActivity
ADDED from [com.google.android.gms:play-services-ads-lite:9.0.1] AndroidManifest.xml:30:9-31:52
	android:theme
		ADDED from [com.google.android.gms:play-services-ads-lite:9.0.1] AndroidManifest.xml:31:13-50
	android:name
		ADDED from [com.google.android.gms:play-services-ads-lite:9.0.1] AndroidManifest.xml:30:19-91
meta-data#com.google.android.gms.version
ADDED from [com.google.android.gms:play-services-basement:9.0.1] AndroidManifest.xml:21:9-23:69
	android:value
		ADDED from [com.google.android.gms:play-services-basement:9.0.1] AndroidManifest.xml:23:13-66
	android:name
		ADDED from [com.google.android.gms:play-services-basement:9.0.1] AndroidManifest.xml:22:13-58
activity#com.google.android.gms.common.api.GoogleApiActivity
ADDED from [com.google.android.gms:play-services-base:9.0.1] AndroidManifest.xml:20:9-22:45
	android:exported
		ADDED from [com.google.android.gms:play-services-base:9.0.1] AndroidManifest.xml:22:19-43
	android:theme
		ADDED from [com.google.android.gms:play-services-base:9.0.1] AndroidManifest.xml:21:19-78
	android:name
		ADDED from [com.google.android.gms:play-services-base:9.0.1] AndroidManifest.xml:20:19-85
provider#com.google.firebase.provider.FirebaseInitProvider
ADDED from [com.google.firebase:firebase-common:9.0.1] AndroidManifest.xml:7:9-11:39
	android:authorities
		ADDED from [com.google.firebase:firebase-common:9.0.1] AndroidManifest.xml:8:13-72
	android:exported
		ADDED from [com.google.firebase:firebase-common:9.0.1] AndroidManifest.xml:10:13-37
	android:initOrder
		ADDED from [com.google.firebase:firebase-common:9.0.1] AndroidManifest.xml:11:13-36
	android:name
		ADDED from [com.google.firebase:firebase-common:9.0.1] AndroidManifest.xml:9:13-58
uses-permission#android.permission.WAKE_LOCK
ADDED from [com.google.android.gms:play-services-analytics:9.0.1] AndroidManifest.xml:25:5-67
MERGED from [com.google.android.gms:play-services-analytics-impl:9.0.1] AndroidManifest.xml:25:5-67
MERGED from [com.google.firebase:firebase-iid:9.0.1] AndroidManifest.xml:22:5-68
MERGED from [com.google.firebase:firebase-analytics:9.0.1] AndroidManifest.xml:24:5-67
MERGED from [com.google.firebase:firebase-analytics-impl:9.0.1] AndroidManifest.xml:24:5-67
	android:name
		ADDED from [com.google.android.gms:play-services-analytics:9.0.1] AndroidManifest.xml:25:22-65
activity#com.google.android.gms.appinvite.PreviewActivity
ADDED from [com.google.android.gms:play-services-appinvite:9.0.1] AndroidManifest.xml:21:9-29:20
	android:exported
		ADDED from [com.google.android.gms:play-services-appinvite:9.0.1] AndroidManifest.xml:23:17-40
	android:theme
		ADDED from [com.google.android.gms:play-services-appinvite:9.0.1] AndroidManifest.xml:24:17-63
	android:name
		ADDED from [com.google.android.gms:play-services-appinvite:9.0.1] AndroidManifest.xml:22:17-48
intent-filter#android.intent.category.DEFAULT+com.google.android.gms.appinvite.ACTION_PREVIEW
ADDED from [com.google.android.gms:play-services-appinvite:9.0.1] AndroidManifest.xml:25:13-28:29
action#com.google.android.gms.appinvite.ACTION_PREVIEW
ADDED from [com.google.android.gms:play-services-appinvite:9.0.1] AndroidManifest.xml:26:17-89
	android:name
		ADDED from [com.google.android.gms:play-services-appinvite:9.0.1] AndroidManifest.xml:26:25-87
category#android.intent.category.DEFAULT
ADDED from [com.google.android.gms:play-services-appinvite:9.0.1] AndroidManifest.xml:27:17-75
	android:name
		ADDED from [com.google.android.gms:play-services-appinvite:9.0.1] AndroidManifest.xml:27:27-73
activity#com.google.android.gms.auth.api.signin.internal.SignInHubActivity
ADDED from [com.google.android.gms:play-services-auth:9.0.1] AndroidManifest.xml:21:9-24:46
	android:excludeFromRecents
		ADDED from [com.google.android.gms:play-services-auth:9.0.1] AndroidManifest.xml:23:19-52
	android:exported
		ADDED from [com.google.android.gms:play-services-auth:9.0.1] AndroidManifest.xml:24:19-43
	android:theme
		ADDED from [com.google.android.gms:play-services-auth:9.0.1] AndroidManifest.xml:22:19-78
	android:name
		ADDED from [com.google.android.gms:play-services-auth:9.0.1] AndroidManifest.xml:21:19-68
service#com.google.android.gms.auth.api.signin.RevocationBoundService
ADDED from [com.google.android.gms:play-services-auth:9.0.1] AndroidManifest.xml:28:9-31:110
	android:exported
		ADDED from [com.google.android.gms:play-services-auth:9.0.1] AndroidManifest.xml:30:13-36
	android:permission
		ADDED from [com.google.android.gms:play-services-auth:9.0.1] AndroidManifest.xml:31:13-107
	android:name
		ADDED from [com.google.android.gms:play-services-auth:9.0.1] AndroidManifest.xml:29:13-58
uses-permission#com.google.android.c2dm.permission.RECEIVE
ADDED from [com.google.firebase:firebase-iid:9.0.1] AndroidManifest.xml:23:5-82
MERGED from [com.google.android.gms:play-services-gcm:9.0.1] AndroidManifest.xml:21:5-82
MERGED from [com.google.android.gms:play-services-iid:9.0.1] AndroidManifest.xml:21:5-82
	android:name
		ADDED from [com.google.firebase:firebase-iid:9.0.1] AndroidManifest.xml:23:22-79
permission#${applicationId}.permission.C2D_MESSAGE
ADDED from [com.google.firebase:firebase-iid:9.0.1] AndroidManifest.xml:25:5-26:47
	android:protectionLevel
		ADDED from [com.google.firebase:firebase-iid:9.0.1] AndroidManifest.xml:26:9-44
	android:name
		ADDED from [com.google.firebase:firebase-iid:9.0.1] AndroidManifest.xml:25:17-71
uses-permission#${applicationId}.permission.C2D_MESSAGE
ADDED from [com.google.firebase:firebase-iid:9.0.1] AndroidManifest.xml:28:5-79
	android:name
		ADDED from [com.google.firebase:firebase-iid:9.0.1] AndroidManifest.xml:28:22-76
receiver#com.google.firebase.iid.FirebaseInstanceIdReceiver
ADDED from [com.google.firebase:firebase-iid:9.0.1] AndroidManifest.xml:32:9-41:20
	android:exported
		ADDED from [com.google.firebase:firebase-iid:9.0.1] AndroidManifest.xml:34:13-36
	android:permission
		ADDED from [com.google.firebase:firebase-iid:9.0.1] AndroidManifest.xml:35:13-73
	android:name
		ADDED from [com.google.firebase:firebase-iid:9.0.1] AndroidManifest.xml:33:13-78
intent-filter#${applicationId}+com.google.android.c2dm.intent.RECEIVE+com.google.android.c2dm.intent.REGISTRATION
ADDED from [com.google.firebase:firebase-iid:9.0.1] AndroidManifest.xml:36:13-40:29
action#com.google.android.c2dm.intent.RECEIVE
ADDED from [com.google.firebase:firebase-iid:9.0.1] AndroidManifest.xml:37:17-81
	android:name
		ADDED from [com.google.firebase:firebase-iid:9.0.1] AndroidManifest.xml:37:25-78
action#com.google.android.c2dm.intent.REGISTRATION
ADDED from [com.google.firebase:firebase-iid:9.0.1] AndroidManifest.xml:38:17-86
	android:name
		ADDED from [com.google.firebase:firebase-iid:9.0.1] AndroidManifest.xml:38:25-83
category#${applicationId}
ADDED from [com.google.firebase:firebase-iid:9.0.1] AndroidManifest.xml:39:17-61
	android:name
		ADDED from [com.google.firebase:firebase-iid:9.0.1] AndroidManifest.xml:39:27-58
receiver#com.google.firebase.iid.FirebaseInstanceIdInternalReceiver
ADDED from [com.google.firebase:firebase-iid:9.0.1] AndroidManifest.xml:45:9-47:40
	android:exported
		ADDED from [com.google.firebase:firebase-iid:9.0.1] AndroidManifest.xml:47:13-37
	android:name
		ADDED from [com.google.firebase:firebase-iid:9.0.1] AndroidManifest.xml:46:13-86
service#com.google.firebase.iid.FirebaseInstanceIdService
ADDED from [com.google.firebase:firebase-iid:9.0.1] AndroidManifest.xml:51:9-57:19
	android:exported
		ADDED from [com.google.firebase:firebase-iid:9.0.1] AndroidManifest.xml:53:13-36
	android:name
		ADDED from [com.google.firebase:firebase-iid:9.0.1] AndroidManifest.xml:52:13-77
intent-filter#com.google.firebase.INSTANCE_ID_EVENT
ADDED from [com.google.firebase:firebase-iid:9.0.1] AndroidManifest.xml:54:13-56:29
	android:priority
		ADDED from [com.google.firebase:firebase-iid:9.0.1] AndroidManifest.xml:54:28-51
action#com.google.firebase.INSTANCE_ID_EVENT
ADDED from [com.google.firebase:firebase-iid:9.0.1] AndroidManifest.xml:55:17-80
	android:name
		ADDED from [com.google.firebase:firebase-iid:9.0.1] AndroidManifest.xml:55:25-77
service#com.google.firebase.crash.internal.service.FirebaseCrashReceiverService
ADDED from [com.google.firebase:firebase-crash:9.0.1] AndroidManifest.xml:26:9-27:50
	android:process
		ADDED from [com.google.firebase:firebase-crash:9.0.1] AndroidManifest.xml:27:13-48
	android:name
		ADDED from [com.google.firebase:firebase-crash:9.0.1] AndroidManifest.xml:26:18-79
service#com.google.firebase.crash.internal.service.FirebaseCrashSenderService
ADDED from [com.google.firebase:firebase-crash:9.0.1] AndroidManifest.xml:29:9-30:50
	android:process
		ADDED from [com.google.firebase:firebase-crash:9.0.1] AndroidManifest.xml:30:13-48
	android:name
		ADDED from [com.google.firebase:firebase-crash:9.0.1] AndroidManifest.xml:29:18-77
receiver#com.google.android.gms.measurement.AppMeasurementReceiver
ADDED from [com.google.firebase:firebase-analytics:9.0.1] AndroidManifest.xml:28:7-34:18
MERGED from [com.google.firebase:firebase-analytics-impl:9.0.1] AndroidManifest.xml:28:7-34:18
	android:enabled
		ADDED from [com.google.firebase:firebase-analytics:9.0.1] AndroidManifest.xml:30:11-33
	android:name
		ADDED from [com.google.firebase:firebase-analytics:9.0.1] AndroidManifest.xml:29:11-83
intent-filter#com.google.android.gms.measurement.UPLOAD
ADDED from [com.google.firebase:firebase-analytics:9.0.1] AndroidManifest.xml:31:9-33:25
action#com.google.android.gms.measurement.UPLOAD
ADDED from [com.google.firebase:firebase-analytics:9.0.1] AndroidManifest.xml:32:11-77
	android:name
		ADDED from [com.google.firebase:firebase-analytics:9.0.1] AndroidManifest.xml:32:19-75
service#com.google.android.gms.measurement.AppMeasurementService
ADDED from [com.google.firebase:firebase-analytics:9.0.1] AndroidManifest.xml:36:7-39:37
MERGED from [com.google.firebase:firebase-analytics-impl:9.0.1] AndroidManifest.xml:36:7-39:37
	android:enabled
		ADDED from [com.google.firebase:firebase-analytics:9.0.1] AndroidManifest.xml:38:11-33
	android:exported
		ADDED from [com.google.firebase:firebase-analytics:9.0.1] AndroidManifest.xml:39:11-35
	android:name
		ADDED from [com.google.firebase:firebase-analytics:9.0.1] AndroidManifest.xml:37:11-82
service#com.google.firebase.messaging.FirebaseMessagingService
ADDED from [com.google.firebase:firebase-messaging:9.0.1] AndroidManifest.xml:24:9-30:19
	android:exported
		ADDED from [com.google.firebase:firebase-messaging:9.0.1] AndroidManifest.xml:26:13-36
	android:name
		ADDED from [com.google.firebase:firebase-messaging:9.0.1] AndroidManifest.xml:25:13-82
intent-filter#com.google.firebase.MESSAGING_EVENT
ADDED from [com.google.firebase:firebase-messaging:9.0.1] AndroidManifest.xml:27:13-29:29
	android:priority
		ADDED from [com.google.firebase:firebase-messaging:9.0.1] AndroidManifest.xml:27:28-51
action#com.google.firebase.MESSAGING_EVENT
ADDED from [com.google.firebase:firebase-messaging:9.0.1] AndroidManifest.xml:28:17-78
	android:name
		ADDED from [com.google.firebase:firebase-messaging:9.0.1] AndroidManifest.xml:28:25-75
service#com.google.android.gms.tagmanager.TagManagerService
ADDED from [com.google.android.gms:play-services-tagmanager-api:9.0.1] AndroidManifest.xml:25:9-27:42
	android:enabled
		ADDED from [com.google.android.gms:play-services-tagmanager-api:9.0.1] AndroidManifest.xml:27:17-39
	android:exported
		ADDED from [com.google.android.gms:play-services-tagmanager-api:9.0.1] AndroidManifest.xml:26:17-41
	android:name
		ADDED from [com.google.android.gms:play-services-tagmanager-api:9.0.1] AndroidManifest.xml:25:18-84
activity#com.google.android.gms.tagmanager.TagManagerPreviewActivity
ADDED from [com.google.android.gms:play-services-tagmanager-api:9.0.1] AndroidManifest.xml:28:9-37:20
	android:noHistory
		ADDED from [com.google.android.gms:play-services-tagmanager-api:9.0.1] AndroidManifest.xml:30:13-37
	android:name
		ADDED from [com.google.android.gms:play-services-tagmanager-api:9.0.1] AndroidManifest.xml:29:13-87
intent-filter#android.intent.action.VIEW+android.intent.category.BROWSABLE+android.intent.category.DEFAULT
ADDED from [com.google.android.gms:play-services-tagmanager-api:9.0.1] AndroidManifest.xml:31:13-36:29
data
ADDED from [com.google.android.gms:play-services-tagmanager-api:9.0.1] AndroidManifest.xml:32:17-72
	android:scheme
		ADDED from [com.google.android.gms:play-services-tagmanager-api:9.0.1] AndroidManifest.xml:32:23-69
action#android.intent.action.VIEW
ADDED from [com.google.android.gms:play-services-tagmanager-api:9.0.1] AndroidManifest.xml:33:17-69
	android:name